Using pre-set license
Built from '2020.3/staging' branch; Version is '2020.3.0f1 (c7b5465681fb) revision 13088070'; Using compiler version '192528614'; Build Type 'Release'
OS: 'Windows 10 Pro for Workstations; OS build 19042.867; Version 2009; 64bit' Language: 'en' Physical Memory: 130992 MB
BatchMode: 1, IsHumanControllingUs: 0, StartBugReporterOnCrash: 0, Is64bit: 1, IsPro: 0

 COMMAND LINE ARGUMENTS:
D:\UnityEditors\2020.3.0f1\Editor\Unity.exe
-adb2
-batchMode
-noUpm
-name
AssetImportWorker0
-projectPath
E:/UnityProjects/RealmExample
-logFile
Logs/AssetImportWorker0.log
-srvPort
56013
Successfully changed project path to: E:/UnityProjects/RealmExample
E:/UnityProjects/RealmExample
Using Asset Import Pipeline V2.
Refreshing native plugins compatible for Editor in 26.78 ms, found 2 plugins.
Preloading 0 native plugins for Editor in 0.00 ms.
Initialize engine version: 2020.3.0f1 (c7b5465681fb)
[Subsystems] Discovering subsystems at path D:/UnityEditors/2020.3.0f1/Editor/Data/Resources/UnitySubsystems
[Subsystems] Discovering subsystems at path E:/UnityProjects/RealmExample/Assets
GfxDevice: creating device client; threaded=0
Direct3D:
    Version:  Direct3D 11.0 [level 11.1]
    Renderer: NVIDIA GeForce RTX 3090 (ID=0x2204)
    Vendor:   
    VRAM:     24348 MB
    Driver:   27.21.14.6192
Initialize mono
Mono path[0] = 'D:/UnityEditors/2020.3.0f1/Editor/Data/Managed'
Mono path[1] = 'D:/UnityEditors/2020.3.0f1/Editor/Data/MonoBleedingEdge/lib/mono/unityjit'
Mono config path = 'D:/UnityEditors/2020.3.0f1/Editor/Data/MonoBleedingEdge/etc'
Using monoOptions --debugger-agent=transport=dt_socket,embedding=1,server=y,suspend=n,address=127.0.0.1:56828
Begin MonoManager ReloadAssembly
Registering precompiled unity dll's ...
Register platform support module: D:/UnityEditors/2020.3.0f1/Editor/Data/PlaybackEngines/WebGLSupport/UnityEditor.WebGL.Extensions.dll
Register platform support module: D:/UnityEditors/2020.3.0f1/Editor/Data/PlaybackEngines/WindowsStandaloneSupport/UnityEditor.WindowsStandalone.Extensions.dll
Register platform support module: D:/UnityEditors/2020.3.0f1/Editor/Data/PlaybackEngines/LinuxStandaloneSupport/UnityEditor.LinuxStandalone.Extensions.dll
Registered in 0.000981 seconds.
Native extension for LinuxStandalone target not found
Native extension for WindowsStandalone target not found
Native extension for WebGL target not found
Refreshing native plugins compatible for Editor in 24.00 ms, found 2 plugins.
Preloading 0 native plugins for Editor in 0.00 ms.
Invoked RoslynAnalysisRunner static constructor.
RoslynAnalysisRunner will not be running.
RoslynAnalysisRunner has terminated.
Mono: successfully reloaded assembly
- Completed reload, in  1.164 seconds
Platform modules already initialized, skipping
Registering precompiled user dll's ...
Registered in 0.002493 seconds.
Begin MonoManager ReloadAssembly
Native extension for LinuxStandalone target not found
Native extension for WindowsStandalone target not found
Native extension for WebGL target not found
Refreshing native plugins compatible for Editor in 25.10 ms, found 2 plugins.
Preloading 0 native plugins for Editor in 0.00 ms.
Invoked RoslynAnalysisRunner static constructor.
RoslynAnalysisRunner will not be running.
RoslynAnalysisRunner has terminated.
[Unity.2D.PixelPerfect.Tests] Weaving failed: UnityEngine.UnityException: get_dataPath can only be called from the main thread.
Constructors and field initializers will be executed from the loading thread when loading a scene.
Don't use this function in the constructor or field initializers, instead move initialization code to the Awake or Start function.
  at (wrapper managed-to-native) UnityEngine.Application.get_dataPath()
  at RealmWeaver.WeaverAssemblyResolver.GetAbsolutePath (System.String assemblyPath) [0x00010] in <319af8ba21e146b29820e54fd5a80ff4>:0 
  at RealmWeaver.WeaverAssemblyResolver.Resolve (System.String assemblyPath, System.Collections.Generic.IEnumerable`1[T] references) [0x00011] in <319af8ba21e146b29820e54fd5a80ff4>:0 
  at RealmWeaver.UnityWeaver.WeaveAssemblyCore (System.String assemblyPath, System.Collections.Generic.IEnumerable`1[T] references) [0x00016] in <319af8ba21e146b29820e54fd5a80ff4>:0 
UnityEngine.StackTraceUtility:ExtractStackTrace ()
UnityEngine.DebugLogHandler:LogFormat (UnityEngine.LogType,UnityEngine.Object,string,object[])
UnityEngine.Logger:Log (UnityEngine.LogType,object)
UnityEngine.Debug:LogWarning (object)
RealmWeaver.UnityWeaver/UnityLogger:Warning (string,Mono.Cecil.Cil.SequencePoint)
RealmWeaver.UnityWeaver:WeaveAssemblyCore (string,System.Collections.Generic.IEnumerable`1<string>)
RealmWeaver.UnityWeaver/<>c__DisplayClass5_0:<WeaveAllAssemblies>b__1 ()
System.Threading.Tasks.Task`1<string>:InnerInvoke ()
System.Threading.Tasks.Task:Execute ()
System.Threading.Tasks.Task:ExecutionContextCallback (object)
System.Threading.ExecutionContext:RunInternal (System.Threading.ExecutionContext,System.Threading.ContextCallback,object,bool)
System.Threading.ExecutionContext:Run (System.Threading.ExecutionContext,System.Threading.ContextCallback,object,bool)
System.Threading.Tasks.Task:ExecuteWithThreadLocal (System.Threading.Tasks.Task&)
System.Threading.Tasks.Task:ExecuteEntry (bool)
System.Threading.Tasks.Task:System.Threading.IThreadPoolWorkItem.ExecuteWorkItem ()
System.Threading.ThreadPoolWorkQueue:Dispatch ()
System.Threading._ThreadPoolWaitCallback:PerformWaitCallback ()

[UnityEngine.UI.Tests] Weaving failed: UnityEngine.UnityException: get_dataPath can only be called from the main thread.
Constructors and field initializers will be executed from the loading thread when loading a scene.
Don't use this function in the constructor or field initializers, instead move initialization code to the Awake or Start function.
  at (wrapper managed-to-native) UnityEngine.Application.get_dataPath()
  at RealmWeaver.WeaverAssemblyResolver.GetAbsolutePath (System.String assemblyPath) [0x00010] in <319af8ba21e146b29820e54fd5a80ff4>:0 
  at RealmWeaver.WeaverAssemblyResolver.Resolve (System.String assemblyPath, System.Collections.Generic.IEnumerable`1[T] references) [0x00011] in <319af8ba21e146b29820e54fd5a80ff4>:0 
  at RealmWeaver.UnityWeaver.WeaveAssemblyCore (System.String assemblyPath, System.Collections.Generic.IEnumerable`1[T] references) [0x00016] in <319af8ba21e146b29820e54fd5a80ff4>:0 
UnityEngine.StackTraceUtility:ExtractStackTrace ()
UnityEngine.DebugLogHandler:LogFormat (UnityEngine.LogType,UnityEngine.Object,string,object[])
UnityEngine.Logger:Log (UnityEngine.LogType,object)
UnityEngine.Debug:LogWarning (object)
RealmWeaver.UnityWeaver/UnityLogger:Warning (string,Mono.Cecil.Cil.SequencePoint)
RealmWeaver.UnityWeaver:WeaveAssemblyCore (string,System.Collections.Generic.IEnumerable`1<string>)
RealmWeaver.UnityWeaver/<>c__DisplayClass5_0:<WeaveAllAssemblies>b__1 ()
System.Threading.Tasks.Task`1<string>:InnerInvoke ()
System.Threading.Tasks.Task:Execute ()
System.Threading.Tasks.Task:ExecutionContextCallback (object)
System.Threading.ExecutionContext:RunInternal (System.Threading.ExecutionContext,System.Threading.ContextCallback,object,bool)
System.Threading.ExecutionContext:Run (System.Threading.ExecutionContext,System.Threading.ContextCallback,object,bool)
System.Threading.Tasks.Task:ExecuteWithThreadLocal (System.Threading.Tasks.Task&)
System.Threading.Tasks.Task:ExecuteEntry (bool)
System.Threading.Tasks.Task:System.Threading.IThreadPoolWorkItem.ExecuteWorkItem ()
System.Threading.ThreadPoolWorkQueue:Dispatch ()
System.Threading._ThreadPoolWaitCallback:PerformWaitCallback ()

Mono: successfully reloaded assembly
- Completed reload, in  0.694 seconds
Platform modules already initialized, skipping
========================================================================
Worker process is ready to serve import requests
[Unity.TextMeshPro.Tests] Weaving failed: UnityEngine.UnityException: get_dataPath can only be called from the main thread.
Constructors and field initializers will be executed from the loading thread when loading a scene.
Don't use this function in the constructor or field initializers, instead move initialization code to the Awake or Start function.
  at (wrapper managed-to-native) UnityEngine.Application.get_dataPath()
  at RealmWeaver.WeaverAssemblyResolver.GetAbsolutePath (System.String assemblyPath) [0x00010] in <319af8ba21e146b29820e54fd5a80ff4>:0 
  at RealmWeaver.WeaverAssemblyResolver.Resolve (System.String assemblyPath, System.Collections.Generic.IEnumerable`1[T] references) [0x00011] in <319af8ba21e146b29820e54fd5a80ff4>:0 
  at RealmWeaver.UnityWeaver.WeaveAssemblyCore (System.String assemblyPath, System.Collections.Generic.IEnumerable`1[T] references) [0x00016] in <319af8ba21e146b29820e54fd5a80ff4>:0 
UnityEngine.StackTraceUtility:ExtractStackTrace ()
UnityEngine.DebugLogHandler:LogFormat (UnityEngine.LogType,UnityEngine.Object,string,object[])
UnityEngine.Logger:Log (UnityEngine.LogType,object)
UnityEngine.Debug:LogWarning (object)
RealmWeaver.UnityWeaver/UnityLogger:Warning (string,Mono.Cecil.Cil.SequencePoint)
RealmWeaver.UnityWeaver:WeaveAssemblyCore (string,System.Collections.Generic.IEnumerable`1<string>)
RealmWeaver.UnityWeaver/<>c__DisplayClass5_0:<WeaveAllAssemblies>b__1 ()
System.Threading.Tasks.Task`1<string>:InnerInvoke ()
System.Threading.Tasks.Task:Execute ()
System.Threading.Tasks.Task:ExecutionContextCallback (object)
System.Threading.ExecutionContext:RunInternal (System.Threading.ExecutionContext,System.Threading.ContextCallback,object,bool)
System.Threading.ExecutionContext:Run (System.Threading.ExecutionContext,System.Threading.ContextCallback,object,bool)
System.Threading.Tasks.Task:ExecuteWithThreadLocal (System.Threading.Tasks.Task&)
System.Threading.Tasks.Task:ExecuteEntry (bool)
System.Threading.Tasks.Task:System.Threading.IThreadPoolWorkItem.ExecuteWorkItem ()
System.Threading.ThreadPoolWorkQueue:Dispatch ()
System.Threading._ThreadPoolWaitCallback:PerformWaitCallback ()

Launched and connected shader compiler UnityShaderCompiler.exe after 0.04 seconds
Refreshing native plugins compatible for Editor in 0.45 ms, found 2 plugins.
Preloading 0 native plugins for Editor in 0.00 ms.
Unloading 1845 Unused Serialized files (Serialized files now loaded: 0)
System memory in use before: 87.6 MB.
System memory in use after: 87.6 MB.

Unloading 47 unused Assets to reduce memory usage. Loaded Objects now: 2265.
Total: 2.298100 ms (FindLiveObjects: 0.182800 ms CreateObjectMapping: 0.045600 ms MarkObjects: 1.961500 ms  DeleteObjects: 0.107500 ms)

========================================================================
Received Import Request.
  path: Assets/SquareEntity.cs
  artifactKey: Guid(42353289fa891b24c821a6126e7507e6) Importer(815301076,1909f56bfc062723c751e8b465ee728b)
Start importing Assets/SquareEntity.cs using Guid(42353289fa891b24c821a6126e7507e6) Importer(815301076,1909f56bfc062723c751e8b465ee728b)  -> (artifact id: '6f4098e1e8a9ee2028bca8c3910e507b') in 0.022585 seconds
  Import took 0.024771 seconds .

========================================================================
Received Import Request.
  Time since last request: 0.319870 seconds.
  path: Assets/Squares.cs
  artifactKey: Guid(ff43de3ba4c95bd49b5c0b587b719205) Importer(815301076,1909f56bfc062723c751e8b465ee728b)
Start importing Assets/Squares.cs using Guid(ff43de3ba4c95bd49b5c0b587b719205) Importer(815301076,1909f56bfc062723c751e8b465ee728b)  -> (artifact id: 'd54e6ec07bb5f74fa0de310719e22266') in 0.005451 seconds
  Import took 0.017477 seconds .

========================================================================
Received Prepare
Refreshing native plugins compatible for Editor in 3.63 ms, found 2 plugins.
Preloading 0 native plugins for Editor in 0.00 ms.
Unloading 33 Unused Serialized files (Serialized files now loaded: 0)
System memory in use before: 50.9 MB.
System memory in use after: 50.9 MB.

Unloading 33 unused Assets to reduce memory usage. Loaded Objects now: 2265.
Total: 2.265100 ms (FindLiveObjects: 0.189100 ms CreateObjectMapping: 0.061500 ms MarkObjects: 1.906800 ms  DeleteObjects: 0.106500 ms)

========================================================================
Received Import Request.
  Time since last request: 16.994801 seconds.
  path: Assets/Scenes/SampleScene.unity
  artifactKey: Guid(2cda990e2423bbf4892e6590ba056729) Importer(815301076,1909f56bfc062723c751e8b465ee728b)
Start importing Assets/Scenes/SampleScene.unity using Guid(2cda990e2423bbf4892e6590ba056729) Importer(815301076,1909f56bfc062723c751e8b465ee728b)  -> (artifact id: 'ad192c8f0b00b1bcece357222cd3d300') in 0.011987 seconds
  Import took 0.014585 seconds .

========================================================================
Received Prepare
Registering precompiled user dll's ...
Registered in 0.002906 seconds.
Begin MonoManager ReloadAssembly
Native extension for LinuxStandalone target not found
Native extension for WindowsStandalone target not found
Native extension for WebGL target not found
Refreshing native plugins compatible for Editor in 0.48 ms, found 2 plugins.
Preloading 0 native plugins for Editor in 0.00 ms.
Invoked RoslynAnalysisRunner static constructor.
RoslynAnalysisRunner will not be running.
RoslynAnalysisRunner has terminated.
Mono: successfully reloaded assembly
- Completed reload, in  0.587 seconds
Platform modules already initialized, skipping
Refreshing native plugins compatible for Editor in 0.41 ms, found 2 plugins.
Preloading 0 native plugins for Editor in 0.00 ms.
Unloading 1827 Unused Serialized files (Serialized files now loaded: 0)
System memory in use before: 86.5 MB.
System memory in use after: 86.5 MB.

Unloading 35 unused Assets to reduce memory usage. Loaded Objects now: 2269.
Total: 1.902800 ms (FindLiveObjects: 0.177200 ms CreateObjectMapping: 0.055100 ms MarkObjects: 1.567400 ms  DeleteObjects: 0.102600 ms)

========================================================================
Received Prepare
Registering precompiled user dll's ...
Registered in 0.002623 seconds.
Begin MonoManager ReloadAssembly
Native extension for LinuxStandalone target not found
Native extension for WindowsStandalone target not found
Native extension for WebGL target not found
Refreshing native plugins compatible for Editor in 0.47 ms, found 2 plugins.
Preloading 0 native plugins for Editor in 0.00 ms.
Invoked RoslynAnalysisRunner static constructor.
RoslynAnalysisRunner will not be running.
RoslynAnalysisRunner has terminated.
Mono: successfully reloaded assembly
- Completed reload, in  0.606 seconds
Platform modules already initialized, skipping
Refreshing native plugins compatible for Editor in 0.43 ms, found 2 plugins.
Preloading 0 native plugins for Editor in 0.00 ms.
Unloading 1827 Unused Serialized files (Serialized files now loaded: 0)
System memory in use before: 86.6 MB.
System memory in use after: 86.6 MB.

Unloading 35 unused Assets to reduce memory usage. Loaded Objects now: 2273.
Total: 1.895700 ms (FindLiveObjects: 0.221500 ms CreateObjectMapping: 0.066000 ms MarkObjects: 1.494300 ms  DeleteObjects: 0.113000 ms)

AssetImportWorkerClient::OnTransportError - code=2 error=End of file
